[    0.000000] Initializing cgroup subsys cpuset
[    0.000000] Initializing cgroup subsys cpu
[    0.000000] Initializing cgroup subsys cpuacct
[    0.000000] Linux version 4.4.0-66-generic (buildd@lgw01-28) (gcc version 5.4.0 20160609 (Ubuntu 5.4.0-6ubuntu1~16.04.4) ) #87-Ubuntu SMP Fri Mar 3 15:29:05 UTC 2017 (Ubuntu 4.4.0-66.87-generic 4.4.44)
[    0.000000] Command line: BOOT_IMAGE=/boot/vmlinuz-4.4.0-66-generic root=UUID=29aa9810-c13e-42a1-8136-376cf7f85bcf ro console=tty1 console=ttyS0
[    0.000000] KERNEL supported cpus:
[    0.000000]   Intel GenuineIntel
[    0.000000]   AMD AuthenticAMD
[    0.000000]   Centaur CentaurHauls
[    0.000000] x86/fpu: xstate_offset[2]:  576, xstate_sizes[2]:  256
[    0.000000] x86/fpu: Supporting XSAVE feature 0x01: 'x87 floating point registers'
[    0.000000] x86/fpu: Supporting XSAVE feature 0x02: 'SSE registers'
[    0.000000] x86/fpu: Supporting XSAVE feature 0x04: 'AVX registers'
[    0.000000] x86/fpu: Enabled xstate features 0x7, context size is 832 bytes, using 'standard' format.
[    0.000000] x86/fpu: Using 'lazy' FPU context switches.
[    0.000000] e820: BIOS-provided physical RAM map:
[    0.000000] BIOS-e820: [mem 0x0000000000000000-0x000000000009fbff] usable
[    0.000000] BIOS-e820: [mem 0x000000000009fc00-0x000000000009ffff] reserved
[    0.000000] BIOS-e820: [mem 0x00000000000f0000-0x00000000000fffff] reserved
[    0.000000] BIOS-e820: [mem 0x0000000000100000-0x00000000dffeffff] usable
[    0.000000] BIOS-e820: [mem 0x00000000dfff0000-0x00000000dfffffff] ACPI data
[    0.000000] BIOS-e820: [mem 0x00000000fec00000-0x00000000fec00fff] reserved
[    0.000000] BIOS-e820: [mem 0x00000000fee00000-0x00000000fee00fff] reserved
[    0.000000] BIOS-e820: [mem 0x00000000fffc0000-0x00000000ffffffff] reserved
[    0.000000] BIOS-e820: [mem 0x0000000100000000-0x000000015fffffff] usable
[    0.000000] NX (Execute Disable) protection: active
[    0.000000] SMBIOS 2.5 present.
[    0.000000] Hypervisor detected: KVM
[    0.000000] e820: last_pfn = 0x160000 max_arch_pfn = 0x400000000
[    0.000000] MTRR: Disabled
[    0.000000] x86/PAT: MTRRs disabled, skipping PAT initialization too.
[    0.000000] x86/PAT: Configuration [0-7]: WB  WT  UC- UC  WB  WT  UC- UC  
[    0.000000] CPU MTRRs all blank - virtualized system.
[    0.000000] e820: last_pfn = 0xdfff0 max_arch_pfn = 0x400000000
[    0.000000] found SMP MP-table at [mem 0x0009fff0-0x0009ffff] mapped at [ffff88000009fff0]
[    0.000000] Scanning 1 areas for low memory corruption
[    0.000000] RAMDISK: [mem 0x33178000-0x358b3fff]
[    0.000000] ACPI: Early table checksum verification disabled
[    0.000000] ACPI: RSDP 0x00000000000E0000 000024 (v02 VBOX  )
[    0.000000] ACPI: XSDT 0x00000000DFFF0030 00003C (v01 VBOX   VBOXXSDT 00000001 ASL  00000061)
[    0.000000] ACPI: FACP 0x00000000DFFF00F0 0000F4 (v04 VBOX   VBOXFACP 00000001 ASL  00000061)
[    0.000000] ACPI: DSDT 0x00000000DFFF0470 0021C8 (v02 VBOX   VBOXBIOS 00000002 INTL 20100528)
[    0.000000] ACPI: FACS 0x00000000DFFF0200 000040
[    0.000000] ACPI: FACS 0x00000000DFFF0200 000040
[    0.000000] ACPI: APIC 0x00000000DFFF0240 00005C (v02 VBOX   VBOXAPIC 00000001 ASL  00000061)
[    0.000000] ACPI: SSDT 0x00000000DFFF02A0 0001CC (v01 VBOX   VBOXCPUT 00000002 INTL 20100528)
[    0.000000] No NUMA configuration found
[    0.000000] Faking a node at [mem 0x0000000000000000-0x000000015fffffff]
[    0.000000] NODE_DATA(0) allocated [mem 0x15fff7000-0x15fffbfff]
[    0.000000] kvm-clock: Using msrs 4b564d01 and 4b564d00
[    0.000000] kvm-clock: cpu 0, msr 1:5ffef001, primary cpu clock
[    0.000000] kvm-clock: using sched offset of 3847842343 cycles
[    0.000000] clocksource: kvm-clock: mask: 0xffffffffffffffff max_cycles: 0x1cd42e4dffb, max_idle_ns: 881590591483 ns
[    0.000000] Zone ranges:
[    0.000000]   DMA      [mem 0x0000000000001000-0x0000000000ffffff]
[    0.000000]   DMA32    [mem 0x0000000001000000-0x00000000ffffffff]
[    0.000000]   Normal   [mem 0x0000000100000000-0x000000015fffffff]
[    0.000000]   Device   empty
[    0.000000] Movable zone start for each node
[    0.000000] Early memory node ranges
[    0.000000]   node   0: [mem 0x0000000000001000-0x000000000009efff]
[    0.000000]   node   0: [mem 0x0000000000100000-0x00000000dffeffff]
[    0.000000]   node   0: [mem 0x0000000100000000-0x000000015fffffff]
[    0.000000] Initmem setup node 0 [mem 0x0000000000001000-0x000000015fffffff]
[    0.000000] ACPI: PM-Timer IO Port: 0x4008
[    0.000000] IOAPIC[0]: apic_id 2, version 32, address 0xfec00000, GSI 0-23
[    0.000000] ACPI: INT_SRC_OVR (bus 0 bus_irq 0 global_irq 2 dfl dfl)
[    0.000000] ACPI: INT_SRC_OVR (bus 0 bus_irq 9 global_irq 9 high level)
[    0.000000] Using ACPI (MADT) for SMP configuration information
[    0.000000] smpboot: Allowing 2 CPUs, 0 hotplug CPUs
[    0.000000] PM: Registered nosave memory: [mem 0x00000000-0x00000fff]
[    0.000000] PM: Registered nosave memory: [mem 0x0009f000-0x0009ffff]
[    0.000000] PM: Registered nosave memory: [mem 0x000a0000-0x000effff]
[    0.000000] PM: Registered nosave memory: [mem 0x000f0000-0x000fffff]
[    0.000000] PM: Registered nosave memory: [mem 0xdfff0000-0xdfffffff]
[    0.000000] PM: Registered nosave memory: [mem 0xe0000000-0xfebfffff]
[    0.000000] PM: Registered nosave memory: [mem 0xfec00000-0xfec00fff]
[    0.000000] PM: Registered nosave memory: [mem 0xfec01000-0xfedfffff]
[    0.000000] PM: Registered nosave memory: [mem 0xfee00000-0xfee00fff]
[    0.000000] PM: Registered nosave memory: [mem 0xfee01000-0xfffbffff]
[    0.000000] PM: Registered nosave memory: [mem 0xfffc0000-0xffffffff]
[    0.000000] e820: [mem 0xe0000000-0xfebfffff] available for PCI devices
[    0.000000] Booting paravirtualized kernel on KVM
[    0.000000] clocksource: refined-jiffies: mask: 0xffffffff max_cycles: 0xffffffff, max_idle_ns: 7645519600211568 ns
[    0.000000] setup_percpu: NR_CPUS:512 nr_cpumask_bits:512 nr_cpu_ids:2 nr_node_ids:1
[    0.000000] PERCPU: Embedded 33 pages/cpu @ffff88015fc00000 s98264 r8192 d28712 u1048576
[    0.000000] PV qspinlock hash table entries: 256 (order: 0, 4096 bytes)
[    0.000000] Built 1 zonelists in Node order, mobility grouping on.  Total pages: 1290105
[    0.000000] Policy zone: Normal
[    0.000000] Kernel command line: BOOT_IMAGE=/boot/vmlinuz-4.4.0-66-generic root=UUID=29aa9810-c13e-42a1-8136-376cf7f85bcf ro console=tty1 console=ttyS0
[    0.000000] PID hash table entries: 4096 (order: 3, 32768 bytes)
[    0.000000] Memory: 5035104K/5242424K available (8452K kernel code, 1293K rwdata, 3980K rodata, 1488K init, 1316K bss, 207320K reserved, 0K cma-reserved)
[    0.000000] SLUB: HWalign=64, Order=0-3, MinObjects=0, CPUs=2, Nodes=1
[    0.000000] Hierarchical RCU implementation.
[    0.000000] 	Build-time adjustment of leaf fanout to 64.
[    0.000000] 	RCU restricting CPUs from NR_CPUS=512 to nr_cpu_ids=2.
[    0.000000] RCU: Adjusting geometry for rcu_fanout_leaf=64, nr_cpu_ids=2
[    0.000000] NR_IRQS:33024 nr_irqs:440 16
[    0.000000] Console: colour VGA+ 80x25
[    0.000000] console [tty1] enabled
[    0.000000] console [ttyS0] enabled
[    0.000000] tsc: Detected 2294.686 MHz processor
[    8.907070] Calibrating delay loop (skipped) preset value.. 4589.37 BogoMIPS (lpj=9178744)
[    8.953681] pid_max: default: 32768 minimum: 301
[    8.962602] ACPI: Core revision 20150930
[    8.964679] ACPI: 2 ACPI AML tables successfully acquired and loaded
[    9.002830] Security Framework initialized
[    9.061734] Yama: becoming mindful.
[    9.117471] AppArmor: AppArmor initialized
[    9.198959] Dentry cache hash table entries: 1048576 (order: 11, 8388608 bytes)
[    9.323165] Inode-cache hash table entries: 524288 (order: 10, 4194304 bytes)
[    9.449583] Mount-cache hash table entries: 16384 (order: 5, 131072 bytes)
[    9.469561] Mountpoint-cache hash table entries: 16384 (order: 5, 131072 bytes)
[    9.501463] Initializing cgroup subsys io
[    9.580857] Initializing cgroup subsys memory
[    9.640514] Initializing cgroup subsys devices
[    9.720763] Initializing cgroup subsys freezer
[    9.780592] Initializing cgroup subsys net_cls
[    9.800376] Initializing cgroup subsys perf_event
[    9.887845] Initializing cgroup subsys net_prio
[    9.951537] Initializing cgroup subsys hugetlb
[   10.031579] Initializing cgroup subsys pids
[   10.060415] CPU: Physical Processor ID: 0
[   10.097215] CPU: Processor Core ID: 0
[   10.102845] mce: CPU supports 0 MCE banks
[   10.113969] Last level iTLB entries: 4KB 1024, 2MB 1024, 4MB 1024
[   10.122293] Last level dTLB entries: 4KB 1024, 2MB 1024, 4MB 1024, 1GB 4
[   10.147723] Freeing SMP alternatives memory: 32K (ffffffff820b9000 - ffffffff820c1000)
[   10.230256] ftrace: allocating 32123 entries in 126 pages
[   10.366545] smpboot: APIC(0) Converting physical 0 to logical package 0
[   10.470675] smpboot: Max logical packages: 1
[   10.514053] x2apic enabled
[   10.567503] Switched APIC routing to physical x2apic.
[   10.666189] ..TIMER: vector=0x30 apic1=0 pin1=2 apic2=-1 pin2=-1
[   10.840716] smpboot: CPU0: Intel(R) Core(TM) i7-4650U CPU @ 1.70GHz (family: 0x6, model: 0x45, stepping: 0x1)
[   10.985839] Performance Events: unsupported p6 CPU model 69 no PMU driver, software events only.
[   11.147317] KVM setup paravirtual spinlock
[   11.170062] x86: Booting SMP configuration:
[   11.189462] .... node  #0, CPUs:      #1
[   11.193655] kvm-clock: cpu 1, msr 1:5ffef041, secondary cpu clock
[   11.204139] mce: CPU supports 0 MCE banks
[   11.207273] x86: Booted up 1 node, 2 CPUs
[   11.211847] smpboot: Total of 2 processors activated (9178.74 BogoMIPS)
[   11.234991] devtmpfs: initialized
[   11.241690] evm: security.selinux
[   11.247337] evm: security.SMACK64
[   11.266541] evm: security.SMACK64EXEC
[   11.267803] evm: security.SMACK64TRANSMUTE
[   11.314478] evm: security.SMACK64MMAP
[   11.345789] evm: security.ima
[   11.363393] evm: security.capability
[   11.425024] clocksource: jiffies: mask: 0xffffffff max_cycles: 0xffffffff, max_idle_ns: 7645041785100000 ns
[   11.547317] pinctrl core: initialized pinctrl subsystem
[   11.626170] RTC time: 12:45:13, date: 03/20/17
[   11.719158] NET: Registered protocol family 16
[   11.773447] cpuidle: using governor ladder
[   11.840784] cpuidle: using governor menu
[   11.877564] PCCT header not found.
[   11.891482] ACPI: bus type PCI registered
[   11.906697] acpiphp: ACPI Hot Plug PCI Controller Driver version: 0.5
[   11.989225] PCI: Using configuration type 1 for base access
[   12.013515] ACPI: Added _OSI(Module Device)
[   12.044795] ACPI: Added _OSI(Processor Device)
[   12.104099] ACPI: Added _OSI(3.0 _SCP Extensions)
[   12.172514] ACPI: Added _OSI(Processor Aggregator Device)
[   12.215594] ACPI: Executed 1 blocks of module-level executable AML code
[   12.239208] ACPI: Interpreter enabled
[   12.288919] ACPI: (supports S0 S5)
[   12.300939] ACPI: Using IOAPIC for interrupt routing
[   12.302535] PCI: Using host bridge windows from ACPI; if necessary, use "pci=nocrs" and report a bug
[   12.311270] ACPI: PCI Root Bridge [PCI0] (domain 0000 [bus 00-ff])
[   12.347864] acpi PNP0A03:00: _OSC: OS supports [ASPM ClockPM Segments MSI]
[   12.350556] acpi PNP0A03:00: _OSC failed (AE_NOT_FOUND); disabling ASPM
[   12.357342] acpi PNP0A03:00: fail to add MMCONFIG information, can't access extended PCI configuration space under this bridge.
[   12.410243] PCI host bridge to bus 0000:00
[   12.466912] pci_bus 0000:00: root bus resource [io  0x0000-0x0cf7 window]
[   12.539195] pci_bus 0000:00: root bus resource [io  0x0d00-0xffff window]
[   12.629285] pci_bus 0000:00: root bus resource [mem 0x000a0000-0x000bffff window]
[   12.780058] pci_bus 0000:00: root bus resource [mem 0xe0000000-0xffdfffff window]
[   12.915745] pci_bus 0000:00: root bus resource [bus 00-ff]
[   12.970730] pci 0000:00:01.1: legacy IDE quirk: reg 0x10: [io  0x01f0-0x01f7]
[   13.074976] pci 0000:00:01.1: legacy IDE quirk: reg 0x14: [io  0x03f6]
[   13.210846] pci 0000:00:01.1: legacy IDE quirk: reg 0x18: [io  0x0170-0x0177]
[   13.284579] pci 0000:00:01.1: legacy IDE quirk: reg 0x1c: [io  0x0376]
[   13.448822] pci 0000:00:07.0: quirk: [io  0x4000-0x403f] claimed by PIIX4 ACPI
[   13.498226] pci 0000:00:07.0: quirk: [io  0x4100-0x410f] claimed by PIIX4 SMB
[   13.574844] ACPI: PCI Interrupt Link [LNKA] (IRQs 5 9 10 *11)
[   13.624712] ACPI: PCI Interrupt Link [LNKB] (IRQs 5 9 10 *11)
[   13.725070] ACPI: PCI Interrupt Link [LNKC] (IRQs 5 9 *10 11)
[   13.840395] ACPI: PCI Interrupt Link [LNKD] (IRQs 5 *9 10 11)
[   13.968786] ACPI: Enabled 2 GPEs in block 00 to 07
[   14.067506] vgaarb: setting as boot device: PCI:0000:00:02.0
[   14.111647] vgaarb: device added: PCI:0000:00:02.0,decodes=io+mem,owns=io+mem,locks=none
[   14.271714] vgaarb: loaded
[   14.314441] vgaarb: bridge control possible 0000:00:02.0
[   14.424209] SCSI subsystem initialized
[   14.465593] ACPI: bus type USB registered
[   14.466707] usbcore: registered new interface driver usbfs
[   14.574573] usbcore: registered new interface driver hub
[   14.610851] usbcore: registered new device driver usb
[   14.628700] PCI: Using ACPI for IRQ routing
[   14.636379] NetLabel: Initializing
[   14.645636] NetLabel:  domain hash size = 128
[   14.684128] NetLabel:  protocols = UNLABELED CIPSOv4
[   14.716314] NetLabel:  unlabeled traffic allowed by default
[   14.834812] amd_nb: Cannot enumerate AMD northbridges
[   14.924625] clocksource: Switched to clocksource kvm-clock
[   14.999233] AppArmor: AppArmor Filesystem Enabled
[   15.090798] pnp: PnP ACPI init
[   15.111357] pnp: PnP ACPI: found 3 devices
[   15.212112] clocksource: acpi_pm: mask: 0xffffff max_cycles: 0xffffff, max_idle_ns: 2085701024 ns
[   15.412163] NET: Registered protocol family 2
[   15.470786] TCP established hash table entries: 65536 (order: 7, 524288 bytes)
[   15.663921] TCP bind hash table entries: 65536 (order: 8, 1048576 bytes)
[   15.717463] TCP: Hash tables configured (established 65536 bind 65536)
[   15.818267] UDP hash table entries: 4096 (order: 5, 131072 bytes)
[   16.002924] UDP-Lite hash table entries: 4096 (order: 5, 131072 bytes)
[   16.112854] NET: Registered protocol family 1
[   16.217942] pci 0000:00:00.0: Limiting direct PCI/PCI transfers
[   16.311208] pci 0000:00:01.0: Activating ISA DMA hang workarounds
[   6.451202] Trying to unpack rootfs image as initramfs...
[   17.202129] Freeing initrd memory: 40176K (ffff880033178000 - ffff8800358b4000)
[   17.351262] PCI-DMA: Using software bounce buffering for IO (SWIOTLB)
[   17.381605] software IO TLB [mem 0xdbff0000-0xdfff0000] (64MB) mapped at [ffff8800dbff0000-ffff8800dffeffff]
[   17.470416] RAPL PMU detected, API unit is 2^-32 Joules, 4 fixed counters 10737418240 ms ovfl timer
[   17.506706] hw unit of domain pp0-core 2^-0 Joules
[   17.519265] hw unit of domain package 2^-0 Joules
[   17.571011] hw unit of domain dram 2^-0 Joules
[   17.621776] hw unit of domain pp1-gpu 2^-0 Joules
[   17.642115] platform rtc_cmos: registered platform RTC device (no PNP device found)
[   17.662960] Scanning for low memory corruption every 60 seconds
[   17.733138] futex hash table entries: 512 (order: 3, 32768 bytes)
[   17.833057] audit: initializing netlink subsys (disabled)
[   17.917090] audit: type=2000 audit(1490013911.590:1): initialized
[   17.966559] Initialise system trusted keyring
[   17.983125] HugeTLB registered 2 MB page size, pre-allocated 0 pages
[   17.989205] zbud: loaded
[   17.991862] VFS: Disk quotas dquot_6.6.0
[   18.006137] VFS: Dquot-cache hash table entries: 512 (order 0, 4096 bytes)
[   18.016497] squashfs: version 4.0 (2009/01/31) Phillip Lougher
[   18.019984] fuse init (API version 7.23)
[   18.024417] Key type big_key registered
[   18.027582] Allocating IMA MOK and blacklist keyrings.
[   18.033162] Key type asymmetric registered
[   18.058838] Asymmetric key parser 'x509' registered
[   18.072892] Block layer SCSI generic (bsg) driver version 0.4 loaded (major 249)
[   18.081266] io scheduler noop registered
[   18.119733] io scheduler deadline registered (default)
[   18.191871] io scheduler cfq registered
[   18.250500] pci_hotplug: PCI Hot Plug PCI Core version: 0.5
[   18.295429] pciehp: PCI Express Hot Plug Controller Driver version: 0.4
[   18.336660] ACPI: AC Adapter [AC] (on-line)
[   18.352012] input: Power Button as /devices/LNXSYSTM:00/LNXPWRBN:00/input/input0
[   18.390648] ACPI: Power Button [PWRF]
[   18.392946] input: Sleep Button as /devices/LNXSYSTM:00/LNXSLPBN:00/input/input1
[   18.464990] ACPI: Sleep Button [SLPF]
[   18.467623] ACPI: Battery Slot [BAT0] (battery present)
[   18.488991] GHES: HEST is not enabled!
[   18.491440] Serial: 8250/16550 driver, 32 ports, IRQ sharing enabled
[   18.528921] 00:02: ttyS0 at I/O 0x3f8 (irq = 4, base_baud = 115200) is a 16550A
[   18.647670] tsc: Refined TSC clocksource calibration: 2293.518 MHz
[   18.725595] clocksource: tsc: mask: 0xffffffffffffffff max_cycles: 0x210f49f3fe6, max_idle_ns: 440795235064 ns
[   18.840554] Linux agpgart interface v0.103
[   18.880493] brd: module loaded
[   18.927545] loop: module loaded
[   18.958789] scsi host0: ata_piix
[   18.974956] scsi host1: ata_piix
[   18.998615] ata1: PATA max UDMA/33 cmd 0x1f0 ctl 0x3f6 bmdma 0xd000 irq 14
[   19.041317] ata2: PATA max UDMA/33 cmd 0x170 ctl 0x376 bmdma 0xd008 irq 15
[   19.105314] libphy: Fixed MDIO Bus: probed
[   19.114015] tun: Universal TUN/TAP device driver, 1.6
[   19.123900] tun: (C) 1999-2004 Max Krasnyansky <maxk@qualcomm.com>
[   19.127371] PPP generic driver version 2.4.2
[   19.132986] ehci_hcd: USB 2.0 'Enhanced' Host Controller (EHCI) Driver
[   19.142828] ehci-pci: EHCI PCI platform driver
[   19.145620] ehci-platform: EHCI generic platform driver
[   19.148572] ohci_hcd: USB 1.1 'Open' Host Controller (OHCI) Driver
[   19.160443] ohci-pci: OHCI PCI platform driver
[   19.166934] ohci-platform: OHCI generic platform driver
[   19.175915] uhci_hcd: USB Universal Host Controller Interface driver
[   19.198259] i8042: PNP: PS/2 Controller [PNP0303:PS2K,PNP0f03:PS2M] at 0x60,0x64 irq 1,12
[   19.285509] serio: i8042 KBD port at 0x60,0x64 irq 1
[   19.360001] serio: i8042 AUX port at 0x60,0x64 irq 12
[   19.387448] mousedev: PS/2 mouse device common for all mice
[   19.469077] input: AT Translated Set 2 keyboard as /devices/platform/i8042/serio0/input/input2
[   19.473129] rtc_cmos rtc_cmos: rtc core: registered rtc_cmos as rtc0
[   19.473190] rtc_cmos rtc_cmos: alarms up to one day, 114 bytes nvram
[   19.473202] i2c /dev entries driver
[   19.473256] device-mapper: uevent: version 1.0.3
[   19.473313] device-mapper: ioctl: 4.34.0-ioctl (2015-10-28) initialised: dm-devel@redhat.com
[   19.473334] ledtrig-cpu: registered to indicate activity on CPUs
[   19.503282] NET: Registered protocol family 10
[   19.503490] NET: Registered protocol family 17
[   19.503502] Key type dns_resolver registered
[   19.503689] microcode: CPU0 sig=0x40651, pf=0x40, revision=0x0
[   19.515193] microcode: CPU1 sig=0x40651, pf=0x40, revision=0x0
[   19.515246] microcode: Microcode Update Driver: v2.01 <tigran@aivazian.fsnet.co.uk>, Peter Oruba
[   19.515355] registered taskstats version 1
[   19.515368] Loading compiled-in X.509 certificates
[   19.515997] Loaded X.509 cert 'Build time autogenerated kernel key: 32ca4feee90b5cde51f5f8c0e024b22f8c679982'
[   19.516029] zswap: loaded using pool lzo/zbud
[   19.517418] Key type trusted registered
[   19.520277] Key type encrypted registered
[   19.520282] AppArmor: AppArmor sha1 policy hashing enabled
[   19.520285] ima: No TPM chip found, activating TPM-bypass!
[   19.520305] evm: HMAC attrs: 0x1
[   19.520614]   Magic number: 9:990:784
[   19.522602] rtc_cmos rtc_cmos: setting system clock to 2017-03-20 12:45:21 UTC (1490013921)
[   19.522695] BIOS EDD facility v0.16 2004-Jun-25, 0 devices found
[   19.522696] EDD information not available.
[   20.237897] Freeing unused kernel memory: 1488K (ffffffff81f45000 - ffffffff820b9000)
[   20.277251] Write protecting the kernel read-only data: 14336k
[   20.369693] Freeing unused kernel memory: 1776K (ffff880001844000 - ffff880001a00000)
[   20.469354] Freeing unused kernel memory: 116K (ffff880001de3000 - ffff880001e00000)
Loading, please [   20.602670] random: systemd-udevd: uninitialized urandom read (16 bytes read, 4 bits of entropy available)
wait...
startin[   20.603176] random: udevadm: uninitialized urandom read (16 bytes read, 4 bits of entropy available)
g version 229
[   20.603208] random: udevadm: uninitialized urandom read (16 bytes read, 4 bits of entropy available)
[   20.603315] random: udevadm: uninitialized urandom read (16 bytes read, 4 bits of entropy available)
[   20.603355] random: udevadm: uninitialized urandom read (16 bytes read, 4 bits of entropy available)
[   20.603390] random: udevadm: uninitialized urandom read (16 bytes read, 4 bits of entropy available)
[   20.603424] random: udevadm: uninitialized urandom read (16 bytes read, 4 bits of entropy available)
[   20.603458] random: udevadm: uninitialized urandom read (16 bytes read, 4 bits of entropy available)
[   20.603490] random: udevadm: uninitialized urandom read (16 bytes read, 4 bits of entropy available)
[   20.603521] random: udevadm: uninitialized urandom read (16 bytes read, 4 bits of entropy available)
[   21.663882] ACPI: Video Device [GFX0] (multi-head: yes  rom: no  post: no)
[   21.692482] input: Video Bus as /devices/LNXSYSTM:00/LNXSYBUS:00/PNP0A03:00/LNXVIDEO:00/input/input4
[   21.725485] FUJITSU Extended Socket Network Device Driver - version 1.0 - Copyright (c) 2015 FUJITSU LIMITED
[   21.745351] e1000: Intel(R) PRO/1000 Network Driver - version 7.3.21-k8-NAPI
[   21.763373] e1000: Copyright (c) 1999-2006 Intel Corporation.
[   21.776559] Fusion MPT base driver 3.04.20
[   21.779875] Copyright (c) 1999-2008 LSI Corporation
[   21.787398] Fusion MPT SPI Host driver 3.04.20
[   21.814327] mptbase: ioc0: Initiating bringup
[   21.832660] AVX version of gcm_enc/dec engaged.
[   21.846910] AES CTR mode by8 optimization enabled
[   21.957604] ioc0: [   21.977983] input: ImExPS/2 Generic Explorer Mouse as /devices/platform/i8042/serio1/input/input5

[   22.041929] LSI53C1030 A0: Capabilities={Initiator}
[   22.262575] scsi host2: ioc0: LSI53C1030 A0, FwRev=00000000h, Ports=1, MaxQ=256, IRQ=20
[   22.517644] scsi 2:0:0:0: Direct-Access     VBOX     HARDDISK         1.0  PQ: 0 ANSI: 5
[   22.563647] scsi target2:0:0: Beginning Domain Validation
[   22.576053] scsi target2:0:0: Domain Validation skipping write tests
[   22.603979] scsi target2:0:0: Ending Domain Validation
[   22.628419] scsi target2:0:0: asynchronous
[   22.635811] scsi 2:0:1:0: Direct-Access     VBOX     HARDDISK         1.0  PQ: 0 ANSI: 5
[   22.684663] scsi target2:0:1: Beginning Domain Validation
[   22.723167] scsi target2:0:1: Domain Validation skipping write tests
[   22.775382] scsi target2:0:1: Ending Domain Validation
[   22.820372] scsi target2:0:1: asynchronous
[   22.860265] sd 2:0:0:0: Attached scsi generic sg0 type 0
[   22.897168] e1000 0000:00:03.0 eth0: (PCI:33MHz:32-bit) 02:1b:66:ab:e9:71
[   22.897173] e1000 0000:00:03.0 eth0: Intel(R) PRO/1000 Network Connection
[   23.054948] sd 2:0:0:0: [sda] 20971520 512-byte logical blocks: (10.7 GB/10.0 GiB)
[   23.105340] sd 2:0:1:0: Attached scsi generic sg1 type 0
[   23.116837] sd 2:0:0:0: [sda] Write Protect is off
[   23.178246] sd 2:0:1:0: [sdb] 20480 512-byte logical blocks: (10.5 MB/10.0 MiB)
[   23.230798] sd 2:0:0:0: [sda] Incomplete mode parameter data
[   23.269938] e1000 0000:00:08.0 eth1: (PCI:33MHz:32-bit) 08:00:27:be:c3:92
[   23.269941] e1000 0000:00:08.0 eth1: Intel(R) PRO/1000 Network Connection
[   23.312950] sd 2:0:1:0: [sdb] Write Protect is off
[   23.313599] e1000 0000:00:08.0 enp0s8: renamed from eth1
[   23.548316] sd 2:0:0:0: [sda] Assuming drive cache: write through
[   23.648858] sd 2:0:1:0: [sdb] Incomplete mode parameter data
[   23.659120] sd 2:0:1:0: [sdb] Assuming drive cache: write through
[   23.664978]  sda: sda1
[   23.669739] e1000 0000:00:03.0 enp0s3: renamed from eth0
[   23.694312] sd 2:0:1:0: [sdb] Attached SCSI disk
[   23.694747] sd 2:0:0:0: [sda] Attached SCSI disk
[   24.833407] floppy0: no floppy controllers found
Begin: Loading e[   26.258234] md: linear personality registered for level -1
ssential drivers[   26.370493] md: multipath personality registered for level -4
 ... [   26.494590] md: raid0 personality registered for level 0
[   26.556156] md: raid1 personality registered for level 1
[   26.696762] raid6: sse2x1   gen()  8412 MB/s
[   26.813118] raid6: sse2x1   xor()  6745 MB/s
[   26.896701] raid6: sse2x2   gen()  7859 MB/s
[   26.977341] raid6: sse2x2   xor()  5949 MB/s
[   27.060937] raid6: sse2x4   gen() 11835 MB/s
[   27.141188] raid6: sse2x4   xor()  6121 MB/s
[   27.146211] raid6: using algorithm sse2x4 gen() 11835 MB/s
[   27.151831] raid6: .... xor() 6121 MB/s, rmw enabled
[   27.163547] raid6: using ssse3x2 recovery algorithm
[   27.172892] xor: automatically using best checksumming function:
[   27.220767]    avx       : 20104.000 MB/sec
[   27.241548] async_tx: api initialized (async)
[   27.267264] md: raid6 personality registered for level 6
[   27.276918] md: raid5 personality registered for level 5
[   27.281803] md: raid4 personality registered for level 4
[   27.294310] md: raid10 personality registered for level 10
done.
Begin: Running /scripts/init-premount ... done.
Begin: Mounting root file system ... Begin: Running /scripts/local-top ... done.
Begin: [   27.339405] Btrfs loaded
Running /scripts/local-premount ... Scanning for Btrfs filesyste[   27.409950] EXT4-fs (sda1): mounted filesystem with ordered data mode. Opts: (null)
ms
done.
Warning: fsck not present, so skipping root file system
done.
Begin: Running /scripts/local-bottom ... done.
Begin: Running /scripts/init-bottom ... done.
[   27.661183] systemd[1]: systemd 229 running in system mode. (+PAM +AUDIT +SELINUX +IMA +APPARMOR +SMACK +SYSVINIT +UTMP +LIBCRYPTSETUP +GCRYPT +GNUTLS +ACL +XZ -LZ4 +SECCOMP +BLKID +ELFUTILS +KMOD -IDN)
[   27.744063] systemd[1]: Detected virtualization oracle.
[   27.837138] systemd[1]: Detected architecture x86-64.

Welcome to [1mUbuntu 16.04.2 LTS[0m!

[   27.977874] systemd[1]: Set hostname to <desktop-VM>.
[   28.227228] systemd[1]: Listening on udev Kernel Socket.
[[0;32m  OK  [0m] Listening on udev Kernel Socket.
[   28.329761] systemd[1]: Started Forward Password Requests to Wall Directory Watch.
[[0;32m  OK  [0m] Started Forward Password Requests to Wall Directory Watch.
[   28.393176] systemd[1]: Reached target Encrypted Volumes.
[[0;32m  OK  [0m] Reached target Encrypted Volumes.
[   28.408854] systemd[1]: Listening on LVM2 metadata daemon socket.
[[0;32m  OK  [0m] Listening on LVM2 metadata daemon socket.
[   28.464107] systemd[1]: Listening on Device-mapper event daemon FIFOs.
[[0;32m  OK  [0m] Listening on Device-mapper event daemon FIFOs.
[   28.562391] systemd[1]: Created slice User and Session Slice.
[[0;32m  OK  [0m] Created slice User and Session Slice.
[   28.645765] systemd[1]: Listening on Journal Socket.
[[0;32m  OK  [0m] Listening on Journal Socket.
[   28.749731] systemd[1]: Listening on Journal Socket (/dev/log).
[[0;32m  OK  [0m] Listening on Journal Socket (/dev/log).
[   28.805223] systemd[1]: Reached target User and Group Name Lookups.
[[0;32m  OK  [0m] Reached target User and Group Name Lookups.
[   28.881464] systemd[1]: Listening on /dev/initctl Compatibility Named Pipe.
[[0;32m  OK  [0m] Listening on /dev/initctl Compatibility Named Pipe.
[   28.941649] systemd[1]: Created slice System Slice.
[[0;32m  OK  [0m] Created slice System Slice.
[   29.025436] systemd[1]: Starting Create list of required static device nodes for the current kernel...
         Starting Create list of required st... nodes for the current kernel...
[   29.113780] systemd[1]: Created slice system-serial\x2dgetty.slice.
[[0;32m  OK  [0m] Created slice system-serial\x2dgetty.slice.
[   29.225748] systemd[1]: Mounting Huge Pages File System...
         Mounting Huge Pages File System...
[   29.301107] systemd[1]: Starting Monitoring of LVM2 mirrors, snapshots etc. using dmeventd or progress polling...
         Starting Monitoring of LVM2 mirrors... dmeventd or progress polling...
[   29.385138] systemd[1]: Starting Uncomplicated firewall...
         Starting Uncomplicated firewall...
[   29.441069] systemd[1]: Mounting POSIX Message Queue File System...
         Mounting POSIX Message Queue File System...
[   29.513426] systemd[1]: Starting Remount Root and Kernel File Systems...
[   29.529051] random: nonblocking pool is initialized
         Starting Remount[   29.553016] EXT4-fs (sda1): re-mounted. Opts: (null)
 Root and Kernel File Systems...
[   29.576165] systemd[1]: Starting Set console keymap...
         Starting Set console keymap...
[   29.609202] systemd[1]: Reached target Swap.
[[0;32m  OK  [0m] Reached target Swap.
[   29.705101] systemd[1]: Started Braille Device Support.
[[0;32m  OK  [0m] Started Braille Device Support.
[   29.806235] systemd[1]: Listening on LVM2 poll daemon socket.
[[0;32m  OK  [0m] Listening on LVM2 poll daemon socket.
[   29.908495] systemd[1]: Listening on udev Control Socket.
[[0;32m  OK  [0m] Listening on udev Control Socket.
[   29.955293] systemd[1]: Listening on Syslog Socket.
[[0;32m  OK  [0m] Listening on Syslog Socket.
[   30.049395] systemd[1]: Mounting Debug File System...
         Mounting Debug File System...
[   30.113029] systemd[1]: Starting Load Kernel Modules...
         Starting Load Kernel Modules...[   30.206913] lp: driver loaded but no devices found

[   30.242085] systemd[1]: Starting Nameserver information manager...
         [   30.274029] ppdev: user-space parallel port driver
Starting Nameser[   30.321152] Loading iSCSI transport class v2.0-870.
ver information [   30.391657] iscsi: registered transport (tcp)
manager...
[   30.484917] systemd[1]: Listening on Journal Audit Socket.
[[0;32m  OK  [0[   30.529410] iscsi: registered transport (iser)
m] Listening on Journal Audit Socket.
[   30.582057] systemd[1]: Starting Journal Service...
         Starting Journal Service...
[   30.640950] systemd[1]: Reached target Slices.
[[0;32m  OK  [0m] Reached target Slices.
[   30.673339] systemd[1]: Set up automount Arbitrary Executable File Formats File System Automount Point.
[[0;32m  OK  [0m] Set up automount Arbitrary Executab...ats File System Automount Point.
[   30.788057] systemd[1]: Mounted POSIX Message Queue File System.
[[0;32m  OK  [0m] Mounted POSIX Message Queue File System.
[   30.889464] systemd[1]: Mounted Debug File System.
[[0;32m  OK  [0m] Mounted Debug File System.
[   30.941326] systemd[1]: Mounted Huge Pages File System.
[[0;32m  OK  [0m] Mounted Huge Pages File System.
[   31.029432] systemd[1]: Started Journal Service.
[[0;32m  OK  [0m] Started Journal Service.
[[0;32m  OK  [0m] Started Create list of required sta...ce nodes for the current kernel.
[[0;32m  OK  [0m] Started Uncomplicated firewall.
[[0;32m  OK  [0m] Started Remount Root and Kernel File Systems.
[[0;32m  OK  [0m] Started Set console keymap.
[[0;32m  OK  [0m] Started Load Kernel Modules.
[[0;32m  OK  [0m] Started Nameserver information manager.
[[0;32m  OK  [0m] Started LVM2 metadata daemon.
         Mounting FUSE Control File System...
         Starting Apply Kernel Variables...
         Starting Load/Save Random Seed...
         Starting udev Coldplug all Devices...
         Starting Initial cloud-init job (pre-networking)...
         Starting Create Static Device Nodes in /dev...
         Starting Flush Journal to Persistent Storage...
[[0;32m  OK  [0m] Mounted FUSE Control File System.
[[0;32m  OK  [0m] Started Apply Kernel Variables.
[[0;32m  OK  [0m] Started Load/Save Random Seed.
[[0;32m  OK  [0m] Started Create Static Device Nodes in /dev.
[[0;32m  OK  [0m] Started udev Coldplug all Devices.
[[0;32m  OK  [0m] Started Flush Journal to Persistent Storage.
         Starting udev Kernel Device Manager...
[[0;32m  OK  [0m] Started Monitoring of LVM2 mirrors,...ng dmeventd or progress polling.
[[0;32m  OK  [0m] Started udev Kernel Device Manager.
[[0;32m  OK  [0m] Reached target Local File Systems (Pre).
[[0;32m  OK  [0m] Reached target Local File Systems.
         Starting Set console font and keymap...
         Starting Tell Plymouth To Write Out Runtime Data...
         Starting LSB: AppArmor initialization...
         Starting Create Volatile Files and Directories...
[   32.527402] intel_rapl: no valid rapl domains found in package 0
[[0;32m  OK  [0m] Started Dispatch Password Requests to Console Directory Watch.
[[0;32m  OK  [0m] Started Tell Plymouth To Write Out Runtime Data.
[[0;32m  OK  [0m] Started Create Volatile Files and Directories.
[[0;32m  OK  [0m] Found device /dev/ttyS0.
         Starting Update UTMP about System Boot/Shutdown...
[[0;32m  OK  [0m] Reached target System Time Synchronized.
[[0;32m  OK  [0m] Started Set console font and keymap.
[[0;32m  OK  [0m] Started Update UTMP about System Boot/Shutdown.
[[0;32m  OK  [0m] Created slice system-getty.slice.
[[0;32m  OK  [0m] Started LSB: AppArmor initialization.
[[0;32m  OK  [0m] Found device 82540EM Gigabit Ethern...r (PRO/1000 MT Desktop Adapter).
[[0;32m  OK  [0m] Found device 82540EM Gigabit Ethern...r (PRO/1000 MT Desktop Adapter).
[[0;32m  OK  [0m] Listening on Load/Save RF Kill Switch Status /dev/rfkill Watch.
[[0;32m  OK  [0m] Reached target Sound Card.
[   19.613641] cloud-init[500]: Cloud-init v. 0.7.9 running 'init-local' at Mon, 20 Mar 2017 12:45:35 +0000. Up 18.85 seconds.
[[0;32m  OK  [0m] Started Initial cloud-init job (pre-networking).
[[0;32m  OK  [0m] Reached target Network (Pre).
         Starting Raise network interfaces...
[[0;32m  OK  [0m] Started ifup for enp0s3.
[[0;32m  OK  [0m] Started ifup for enp0s8.
[[0;32m  OK  [0m] Started Raise network interfaces.
         Starting Initial cloud-init job (metadata service crawler)...
[   21.831966] cloud-init[1293]: Cloud-init v. 0.7.9 running 'init' at Mon, 20 Mar 2017 12:45:37 +0000. Up 21.57 seconds.
[[0;32m  OK  [0m] Started Initial cloud-init job (metadata service crawler).
[[0;32m  OK  [0m] Reached target System Initialization.
         Starting Docker Socket for the API.
[   21.930883] cloud-init[1293]: ci-info: ++++++++++++++++++++++++++++++++++++++Net device info++++++++++++++++++++++++++++++++++++++
[   22.193299] cloud-init[1293]: ci-info: +--------+------+-----------------------------+---------------+-------+-------------------+
[[0;32m  OK  [0m] Started Daily Cleanup of Temporary Directories.
[[0;32m  OK  [0m] Listening on D-Bus System Message Bus Socket.
[   22.278527] cloud-init[1293]: ci-info: | Device |  Up  |           Address           |      Mask     | Scope |     Hw-Address    |
[   22.473175] cloud-init[1293]: ci-info: +--------+------+-----------------------------+---------------+-------+-------------------+
[[0;32m  OK  [0m] Started ACPI Events Check.
[   22.575549] cloud-init[1293]: ci-info: | enp0s8 | True |        192.168.33.11        | 255.255.255.0 |   .   | 08:00:27:be:c3:92 |
[   22.707089] cloud-init[1293]: ci-info: | enp0s8 | True | fe80::a00:27ff:febe:c392/64 |       .       |  link | 08:00:27:be:c3:92 |
[   22.816613] cloud-init[1293]: ci-info: | enp0s3 | True |          10.0.2.15          | 255.255.255.0 |   .   | 02:1b:66:ab:e9:71 |
[   22.817245] cloud-init[1293]: ci-info: | enp0s3 | True |  fe80::1b:66ff:feab:e971/64 |       .       |  link | 02:1b:66:ab:e9:71 |
[   22.817402] cloud-init[1293]: ci-info: |   lo   | True |          127.0.0.1          |   255.0.0.0   |   .   |         .         |
[   22.817512] cloud-init[1293]: ci-info: |   lo   | True |           ::1/128           |       .       |  host |         .         |
[   22.817595] cloud-init[1293]: ci-info: +--------+------+-----------------------------+---------------+-------+-------------------+
[   22.817662] cloud-init[1293]: ci-info: ++++++++++++++++++++++++++++Route IPv4 info++++++++++++++++++++++++++++
[   22.817732] cloud-init[1293]: ci-info: +-------+--------------+----------+---------------+-----------+-------+
[   22.817800] cloud-init[1293]: ci-info: | Route | Destination  | Gateway  |    Genmask    | Interface | Flags |
[   22.817872] cloud-init[1293]: ci-info: +-------+--------------+----------+---------------+-----------+-------+
[   22.817940] cloud-init[1293]: ci-info: |   0   |   0.0.0.0    | 10.0.2.2 |    0.0.0.0    |   enp0s3  |   UG  |
[   22.818007] cloud-init[1293]: ci-info: |   1   |   10.0.2.0   | 0.0.0.0  | 255.255.255.0 |   enp0s3  |   U   |
[   22.818076] cloud-init[1293]: ci-info: |   2   | 169.254.0.0  | 0.0.0.0  |  255.255.0.0  |   enp0s8  |   U   |
[   22.818142] cloud-init[1293]: ci-info: |   3   | 192.168.33.0 | 0.0.0.0  | 255.255.255.0 |   enp0s8  |   U   |
[   22.818209] cloud-init[1293]: ci-info: +-------+--------------+----------+---------------+-----------+-------+
         Starting LXD - unix socket.
[[0;32m  OK  [0m] Listening on UUID daemon activation socket.
[[0;32m  OK  [0m] Started CUPS Scheduler.
[[0;32m  OK  [0m] Started Daily apt activities.
[[0;32m  OK  [0m] Listening on CUPS Scheduler.
[[0;32m  OK  [0m] Listening on Avahi mDNS/DNS-SD Stack Activation Socket.
[[0;32m  OK  [0m] Started Trigger resolvconf update for networkd DNS.
[[0;32m  OK  [0m] Reached target Paths.
         Starting Socket activation for snappy daemon.
[[0;32m  OK  [0m] Listening on ACPID Listen Socket.
[[0;32m  OK  [0m] Started Timer to automatically refresh installed snaps.
[[0;32m  OK  [0m] Reached target Timers.
[[0;32m  OK  [0m] Reached target Cloud-config availability.
[[0;32m  OK  [0m] Listening on Docker Socket for the API.
[[0;32m  OK  [0m] Listening on LXD - unix socket.
[[0;32m  OK  [0m] Listening on Socket activation for snappy daemon.
[[0;32m  OK  [0m] Reached target Sockets.
[[0;32m  OK  [0m] Reached target Basic System.
         Starting Initialize hardware monitoring sensors...
[[0;32m  OK  [0m] Started ACPI event daemon.
[[0;32m  OK  [0m] Started Regular background program processing daemon.
[[0;32m  OK  [0m] Started Deferred execution scheduler.
[[0;32m  OK  [0m] Started D-Bus System Message Bus.
[[0;32m  OK  [0m] Started Avahi DNS Configuration Daemon.
[[0;32m  OK  [0m] Started Run anacron jobs.
         Starting Avahi mDNS/DNS-SD Stack...
[[0;32m  OK  [0m] Started Snappy daemon.
         Starting System Logging Service...
         Starting LXD - container startup/shutdown...
[[0;32m  OK  [0m] Started Self Monitoring and Reporting Technology (SMART) Daemon.
         Starting vboxadd.service...
         Starting Accounts Service...
         Starting Thermal Daemon Service...
[[0;32m  OK  [0m] Started FUSE filesystem for LXC.
         Starting Modem Manager...
         Starting Restore /etc/resolv.conf i...re the ppp link was shut down...
         Starting vboxadd-x11.service...
[[0;32m  OK  [0m] Started CUPS Scheduler.
         Starting LSB: Record successful boot for GRUB...
         Starting Auto import assertions from block devices...
[[0;32m  OK  [0m] Started crash report submission daemon.
         Starting Save/Restore Sound Card State...
         Starting Network Manager...
         Starting Detect the available GPUs and deal with any system changes...
         Starting Login Service...
         Starting LSB: MD monitoring daemon...
[[0;32m  OK  [0m] Started System Logging Service.
[[0;32m  OK  [0m] Started LXD - container startup/shutdown.
[[0;32m  OK  [0m] Started Thermal Daemon Service.
[[0;32m  OK  [0m] Started vboxadd.service.
[[0;32m  OK  [0m] Started Restore /etc/resolv.conf if...fore the ppp link was shut down.
[[0;32m  OK  [0m] Started vboxadd-x11.service.
[[0;32m  OK  [0m] Started Auto import assertions from block devices.
[[0;32m  OK  [0m] Started Detect the available GPUs and deal with any system changes.
[[0;32m  OK  [0m] Started Initialize hardware monitoring sensors.
[[0;32m  OK  [0m] Started Save/Restore Sound Card State.
[[0;32m  OK  [0m] Started LSB: Record successful boot for GRUB.
[[0;32m  OK  [0m] Started LSB: MD monitoring daemon.
[[0;32m  OK  [0m] Started Avahi mDNS/DNS-SD Stack.
[[0;32m  OK  [0m] Started Network Manager.
[[0;32m  OK  [0m] Started Login Service.
         Starting Network Manager Script Dispatcher Service...
[[0;32m  OK  [0m] Reached target Network.
         Starting Docker Application Container Engine...
         Starting Network Manager Wait Online...
         Starting Authenticate and Authorize Users to Run Privileged Tasks...
[[0;32m  OK  [0m] Started Make remote CUPS printers available locally.
         Starting vboxadd-service.service...
[[0;32m  OK  [0m] Started vboxadd-service.service.
[[0;32m  OK  [0m] Started Network Manager Script Dispatcher Service.
[[0;32m  OK  [0m] Started Authenticate and Authorize Users to Run Privileged Tasks.
[[0;32m  OK  [0m] Started Accounts Service.
[[0;32m  OK  [0m] Started Modem Manager.
         Starting Hostname Service...
[[0;32m  OK  [0m] Started Hostname Service.
[[0;32m  OK  [0m] Started Network Manager Wait Online.
[[0;32m  OK  [0m] Reached target Network is Online.
         Starting /etc/rc.local Compatibility...
         Starting iSCSI initiator daemon (iscsid)...
         Starting OpenBSD Secure Shell server...
         Starting Apply the settings specified in cloud-config...
[[0;32m  OK  [0m] Started OpenBSD Secure Shell server.
[[0;32m  OK  [0m] Started /etc/rc.local Compatibility.
[[0;32m  OK  [0m] Started iSCSI initiator daemon (iscsid).
         Starting Login to default iSCSI targets...
[[0;32m  OK  [0m] Started Login to default iSCSI targets.
[[0;32m  OK  [0m] Reached target Remote File Systems (Pre).
[[0;32m  OK  [0m] Reached target Remote File Systems.
[   27.850194] cloud-init[1644]: Cloud-init v. 0.7.9 running 'modules:config' at Mon, 20 Mar 2017 12:45:43 +0000. Up 27.76 seconds.
         Starting LSB: automatic crash report generation...
         Starting LSB: Start NTP daemon...
         Starting LSB: disk temperature monitoring daemon...
         Starting Permit User Sessions...
         Starting LSB: daemon to balance interrupts for SMP systems...
         Starting LSB: Set up cgroupfs mounts....
         Starting LSB: Speech Dispatcher...
         Starting LSB: Load kernel modules needed to enable cpufreq scaling...
         Starting LSB: Set the CPU Frequency Scaling governor to "ondemand"...
[[0;32m  OK  [0m] Started Apply the settings specified in cloud-config.
[[0;32m  OK  [0m] Started Permit User Sessions.
[[0;32m  OK  [0m] Started LSB: Set up cgroupfs mounts..
[[0;32m  OK  [0m] Started LSB: disk temperature monitoring daemon.
[[0;32m  OK  [0m] Started LSB: automatic crash report generation.
[[0;32m  OK  [0m] Started LSB: Start NTP daemon.
[[0;32m  OK  [0m] Started LSB: daemon to balance interrupts for SMP systems.
[[0;32m  OK  [0m] Started Docker Application Container Engine.
[[0;32m  OK  [0m] Started LSB: Speech Dispatcher.
[[0;32m  OK  [0m] Started LSB: Load kernel modules needed to enable cpufreq scaling.
[[0;32m  OK  [0m] Started LSB: Set the CPU Frequency Scaling governor to "ondemand".
[[0;32m  OK  [0m] Created slice User Slice of ubuntu.
         Starting User Manager for UID 1000...
[[0;32m  OK  [0m] Started Session 1 of user ubuntu.
         Starting LSB: set CPUFreq kernel parameters...
         Starting Hold until boot process finishes up...
         Starting Light Display Manager...
[[0;32m  OK  [0m] Started User Manager for UID 1000.
[[0;32m  OK  [0m] Started Hold until boot process finishes up.
[[0;32m  OK  [0m] Started LSB: set CPUFreq kernel parameters.
[[0;32m  OK  [0m] Started Getty on tty1.
         Starting Set console scheme...
[[0;32m  OK  [0m] Started Serial Getty on ttyS0.
[[0;32m  OK  [0m] Reached target Login Prompts.
[[0;32m  OK  [0m] Reached target Multi-User System.
         Starting Execute cloud user/final scripts...
[[0;32m  OK  [0m] Started TLP system startup/shutdown.
[[0;32m  OK  [0m] Started Set console scheme.
[[0;32m  OK  [0m] Started Light Display Manager.
[[0;32m  OK  [0m] Reached target Graphical Interface.
         Starting Update UTMP about System Runlevel Changes...
[[0;32m  OK  [0m] Started Update UTMP about System Runlevel Changes.
[[0;32m  OK  [0m] Created slice User Slice of enxajt.
[   30.178531] cloud-init[2052]: Cloud-init v. 0.7.9 running 'modules:final' at Mon, 20 Mar 2017 12:45:46 +0000. Up 29.91 seconds.
[   30.289770] cloud-init[2052]: Cloud-init v. 0.7.9 finished at Mon, 20 Mar 2017 12:45:46 +0000. Datasource DataSourceNoCloud [seed=/dev/sdb][dsmode=net].  Up 30.16 seconds
         Starting User Manager for UID 1001...
[[0;32m  OK  [0m] Started User Manager for UID 1001.
[[0;32m  OK  [0m] Started Execute cloud user/final scripts.
[[0;32m  OK  [0m] Started Session c1 of user enxajt.
[[0;32m  OK  [0m] Reached target Cloud-init target.

Ubuntu 16.04.2 LTS desktop-VM ttyS0

desktop-VM login: 